nohup: ignoring input
================================================================================
TEST DATASET FEATURE EXTRACTION
Started: 2025-11-30 18:12:04
================================================================================
Found 449 binaries
Output directory: test_outputs

[1/449] aes128_arm_clang_O0.elf                  ✓ (18 funcs)
[2/449] aes128_arm_clang_O1.elf                  ✓ (19 funcs)
[3/449] aes128_arm_clang_O2.elf                  ✓ (19 funcs)
[4/449] aes128_arm_clang_O3.elf                  ✓ (19 funcs)
[5/449] aes128_arm_clang_Os.elf                  ✓ (20 funcs)
[6/449] aes128_arm_gcc_O0.elf                    ✓ (21 funcs)
[7/449] aes128_arm_gcc_O1.elf                    ✓ (20 funcs)
[8/449] aes128_arm_gcc_O2.elf                    ✓ (20 funcs)
[9/449] aes128_arm_gcc_O3.elf                    ✓ (20 funcs)
[10/449] aes128_arm_gcc_Os.elf                    ✓ (20 funcs)
[11/449] aes128_avr_avr-gcc_O0.elf                ✓ (24 funcs)
[12/449] aes128_avr_avr-gcc_O1.elf                ✓ (23 funcs)
[13/449] aes128_avr_avr-gcc_O2.elf                ✓ (23 funcs)
[14/449] aes128_avr_avr-gcc_O3.elf                ✓ (23 funcs)
[15/449] aes128_avr_avr-gcc_Os.elf                ✓ (23 funcs)
[16/449] aes128_mips_clang_O0.elf                 ✓ (18 funcs)
[17/449] aes128_mips_clang_O1.elf                 ✓ (19 funcs)
[18/449] aes128_mips_clang_O2.elf                 ✓ (19 funcs)
[19/449] aes128_mips_clang_O3.elf                 ✓ (19 funcs)
[20/449] aes128_mips_clang_Os.elf                 ✓ (19 funcs)
[21/449] aes128_mips_gcc_O0.elf                   ✓ (20 funcs)
[22/449] aes128_mips_gcc_O1.elf                   ✓ (19 funcs)
[23/449] aes128_mips_gcc_O2.elf                   ✓ (19 funcs)
[24/449] aes128_mips_gcc_O3.elf                   ✓ (19 funcs)
[25/449] aes128_mips_gcc_Os.elf                   ✓ (20 funcs)
[26/449] aes128_riscv_clang_O0.elf                ✓ (16 funcs)
[27/449] aes128_riscv_clang_O1.elf                ✓ (17 funcs)
[28/449] aes128_riscv_clang_O2.elf                ✓ (17 funcs)
[29/449] aes128_riscv_clang_O3.elf                ✓ (17 funcs)
[30/449] aes128_riscv_clang_Os.elf                ✓ (17 funcs)
[31/449] aes128_riscv_riscv64-linux-gnu-gcc_O0.el ✓ (18 funcs)
[32/449] aes128_riscv_riscv64-linux-gnu-gcc_O1.el ✓ (18 funcs)
[33/449] aes128_riscv_riscv64-linux-gnu-gcc_O2.el ✓ (18 funcs)
[34/449] aes128_riscv_riscv64-linux-gnu-gcc_O3.el ✓ (18 funcs)
[35/449] aes128_riscv_riscv64-linux-gnu-gcc_Os.el ✓ (18 funcs)
[36/449] aes128_x86_clang_O0.elf                  ✓ (15 funcs)
[37/449] aes128_x86_clang_O1.elf                  ✓ (15 funcs)
[38/449] aes128_x86_clang_O2.elf                  ✓ (15 funcs)
[39/449] aes128_x86_clang_O3.elf                  ✓ (15 funcs)
[40/449] aes128_x86_clang_Os.elf                  ✓ (15 funcs)
[41/449] aes128_x86_gcc_O0.elf                    ✓ (19 funcs)
[42/449] aes128_x86_gcc_O1.elf                    ✓ (19 funcs)
[43/449] aes128_x86_gcc_O2.elf                    ✓ (19 funcs)
[44/449] aes128_x86_gcc_O3.elf                    ✓ (19 funcs)
[45/449] aes128_x86_gcc_Os.elf                    ✓ (19 funcs)
[46/449] aes128_z80_sdcc_O0.elf                   ✗ FAILED
[47/449] aes128_z80_sdcc_O1.elf                   ✗ FAILED
[48/449] aes128_z80_sdcc_O2.elf                   ✗ FAILED
[49/449] aes128_z80_sdcc_O3.elf                   ✗ FAILED
[50/449] aes128_z80_sdcc_Os.elf                   ✗ FAILED
[51/449] aes192_arm_clang_O0.elf                  ✓ (19 funcs)
[52/449] aes192_arm_clang_O1.elf                  ✓ (21 funcs)
[53/449] aes192_arm_clang_O2.elf                  ✓ (21 funcs)
[54/449] aes192_arm_clang_O3.elf                  ✓ (21 funcs)
[55/449] aes192_arm_clang_Os.elf                  ✓ (21 funcs)
[56/449] aes192_arm_gcc_O0.elf                    ✓ (22 funcs)
[57/449] aes192_arm_gcc_O1.elf                    ✓ (21 funcs)
[58/449] aes192_arm_gcc_O2.elf                    ✓ (21 funcs)
[59/449] aes192_arm_gcc_O3.elf                    ✓ (21 funcs)
[60/449] aes192_arm_gcc_Os.elf                    ✓ (26 funcs)
[61/449] aes192_avr_avr-gcc_O0.elf                ✓ (27 funcs)
[62/449] aes192_avr_avr-gcc_O1.elf                ✓ (26 funcs)
[63/449] aes192_avr_avr-gcc_O2.elf                ✓ (26 funcs)
[64/449] aes192_avr_avr-gcc_O3.elf                ✓ (25 funcs)
[65/449] aes192_avr_avr-gcc_Os.elf                ✓ (26 funcs)
[66/449] aes192_mips_clang_O0.elf                 ✓ (18 funcs)
[67/449] aes192_mips_clang_O1.elf                 ✓ (21 funcs)
[68/449] aes192_mips_clang_O2.elf                 ✓ (21 funcs)
[69/449] aes192_mips_clang_O3.elf                 ✓ (21 funcs)
[70/449] aes192_mips_clang_Os.elf                 ✓ (21 funcs)
[71/449] aes192_mips_gcc_O0.elf                   Exception: Expecting value: line 13557 column 17 (char 442368)
✗ FAILED
[72/449] aes192_mips_gcc_O1.elf                   